<?xml version="1.0" encoding="UTF-8"?>
<!-- Generated by org.testng.reporters.JUnitXMLReporter -->
<testsuite ignored="0" hostname="LAPTOP-SQ25DLVN" failures="1" tests="3" name="Test" time="0.126" errors="0" timestamp="2022-07-06T18:42:11 IST">
  <testcase classname="listner.NewTest" name="myMethod1" time="0.016"/>
  <testcase classname="listner.NewTest" name="myMethod2" time="0.006">
    <failure type="java.lang.AssertionError" message="null">
      <![CDATA[java.lang.AssertionError: null
at listner.NewTest.myMethod2(NewTest.java:18)
at java.base/java.util.ArrayList.forEach(ArrayList.java:1541)
... Removed 29 stack frames]]>
    </failure>
  </testcase> <!-- myMethod2 -->
  <testcase classname="listner.NewTest" name="myMethod3" time="0.0">
    <skipped/>
  </testcase> <!-- myMethod3 -->
</testsuite> <!-- Test -->
