<?xml version="1.0" encoding="UTF-8"?>
<!-- Generated by org.testng.reporters.JUnitXMLReporter -->
<testsuite ignored="0" hostname="LAPTOP-SQ25DLVN" failures="0" tests="1" name="TestFIreFOX" time="0.21" errors="0" timestamp="2022-07-07T17:52:02 IST">
  <testcase classname="CrossBrouser.kitetest" name="@BeforeMethod loginToKIteApp" time="0.0">
    <failure type="java.lang.NullPointerException">
      <![CDATA[java.lang.NullPointerException
at org.openqa.selenium.support.pagefactory.DefaultElementLocator.findElement(DefaultElementLocator.java:70)
at org.openqa.selenium.support.pagefactory.internal.LocatingElementHandler.invoke(LocatingElementHandler.java:39)
at com.sun.proxy.$Proxy17.sendKeys(Unknown Source)
at kitePomExcelReadingUsingTestNG.KiteLoginPage.sendUserName(KiteLoginPage.java:22)
at CrossBrouser.kitetest.loginToKIteApp(kitetest.java:52)
at java.base/java.util.ArrayList.forEach(ArrayList.java:1541)
... Removed 31 stack frames]]>
    </failure>
  </testcase> <!-- @BeforeMethod loginToKIteApp -->
  <testcase classname="CrossBrouser.kitetest" name="@AfterMethod logoutFromKiteApp" time="-1.657196522004E9">
    <skipped/>
  </testcase> <!-- @AfterMethod logoutFromKiteApp -->
  <testcase classname="CrossBrouser.kitetest" name="@AfterClass closeBrowser" time="-1.657196522004E9">
    <skipped/>
  </testcase> <!-- @AfterClass closeBrowser -->
  <testcase classname="CrossBrouser.kitetest" name="validateUserID" time="0.0">
    <skipped/>
  </testcase> <!-- validateUserID -->
</testsuite> <!-- TestFIreFOX -->
